{"logTime": "0925/111907", "correlationVector":"L3ZI3QgxUX5iWRdK11NRvD.1","action":"SyncServerConnectionManagerRequest", "result":"SYNC_SERVER_OK", "context":{"environment":"Prod_SoutheastAsia_000j", "migrationStage":"NotStarted", "server":"GENERAL0100000W"}}
{"logTime": "0925/111907", "correlationVector":"9eeQ4n67PttP6nEQoacM2z","action":"SyncServerConnectionManagerRequest", "result":"SYNC_SERVER_OK", "context":{"environment":"", "migrationStage":"", "server":""}}
{"logTime": "0925/111907", "correlationVector":"L3ZI3QgxUX5iWRdK11NRvD","action":"Initial GetUpdates", "result":"", "context":Reason: NEW_CLIENT. cV=L3ZI3QgxUX5iWRdK11NRvD}
{"logTime": "0925/111907", "correlationVector":"L3ZI3QgxUX5iWRdK11NRvD.2","action":"GetUpdates Response", "result":"Success", "context":Received 1 update(s). cV=L3ZI3QgxUX5iWRdK11NRvD.0;server=GENERAL0100000W;cloudType=Consumer;environment=Prod_SoutheastAsia_000j;migrationStage=NotStarted}
{"logTime": "0925/111907", "correlationVector":"j4YCajrcuA3j3japf/GPJ4","action":"Initial GetUpdates", "result":"", "context":Reason: NEWLY_SUPPORTED_DATATYPE. cV=j4YCajrcuA3j3japf/GPJ4}
{"logTime": "0925/111909", "correlationVector":"j4YCajrcuA3j3japf/GPJ4.1","action":"SyncServerConnectionManagerRequest", "result":"SYNC_SERVER_OK", "context":{"environment":"Prod_SoutheastAsia_000j", "migrationStage":"NotStarted", "server":"GENERAL0300000H"}}
{"logTime": "0925/111909", "correlationVector":"j4YCajrcuA3j3japf/GPJ4.2","action":"GetUpdates Response", "result":"Success", "context":Received 81 update(s). cV=j4YCajrcuA3j3japf/GPJ4.0;server=GENERAL0300000H;cloudType=Consumer;environment=Prod_SoutheastAsia_000j;migrationStage=NotStarted}
{"logTime": "0925/111909", "correlationVector":"mJHpjqbfU705BHWgveK/Hg","action":"Initial GetUpdates", "result":"", "context":Reason: NEWLY_SUPPORTED_DATATYPE. cV=mJHpjqbfU705BHWgveK/Hg}
{"logTime": "0925/111909", "correlationVector":"mJHpjqbfU705BHWgveK/Hg.1","action":"SyncServerConnectionManagerRequest", "result":"SYNC_SERVER_OK", "context":{"environment":"Prod_SoutheastAsia_000j", "migrationStage":"NotStarted", "server":"GENERAL03000021"}}
{"logTime": "0925/111909", "correlationVector":"mJHpjqbfU705BHWgveK/Hg.2","action":"GetUpdates Response", "result":"Success", "context":Received 6 update(s). cV=mJHpjqbfU705BHWgveK/Hg.0;server=GENERAL03000021;cloudType=Consumer;environment=Prod_SoutheastAsia_000j;migrationStage=NotStarted}
{"logTime": "0925/111909", "correlationVector":"w299ApxkHfrSFApVaymXYk","action":"Initial GetUpdates", "result":"", "context":Reason: NEWLY_SUPPORTED_DATATYPE. cV=w299ApxkHfrSFApVaymXYk}
{"logTime": "0925/111910", "correlationVector":"w299ApxkHfrSFApVaymXYk.1","action":"SyncServerConnectionManagerRequest", "result":"SYNC_SERVER_OK", "context":{"environment":"Prod_SoutheastAsia_000j", "migrationStage":"NotStarted", "server":"GENERAL0100001C"}}
{"logTime": "0925/111910", "correlationVector":"w299ApxkHfrSFApVaymXYk.2","action":"GetUpdates Response", "result":"Success", "context":Received 18 update(s). cV=w299ApxkHfrSFApVaymXYk.0;server=GENERAL0100001C;cloudType=Consumer;environment=Prod_SoutheastAsia_000j;migrationStage=NotStarted}
{"logTime": "0925/111910", "correlationVector":"tfZeX89RZMNGY3wC/jOjB2","action":"Normal GetUpdate request", "result":"", "context":cV=tfZeX89RZMNGY3wC/jOjB2
Nudged types: Sessions, Device Info, User Consents
Refresh requested types: Bookmarks, Preferences, Passwords, Autofill Profiles, Autofill, Typed URLs, Extensions, Sessions, Extension settings, History Delete Directives, Device Info, User Consents, Send Tab To Self, Web Apps, Collection, Edge E Drop, Edge Hub App Usage, Edge Tab Group, Edge Wallet, Encryption Keys}
{"logTime": "0925/111912", "correlationVector":"tfZeX89RZMNGY3wC/jOjB2.1","action":"SyncServerConnectionManagerRequest", "result":"SYNC_SERVER_OK", "context":{"environment":"Prod_SoutheastAsia_000j", "migrationStage":"NotStarted", "server":"GENERAL0100000H"}}
{"logTime": "0925/111912", "correlationVector":"tfZeX89RZMNGY3wC/jOjB2.2","action":"GetUpdates Response", "result":"Success", "context":Received 0 update(s). cV=tfZeX89RZMNGY3wC/jOjB2.0;server=GENERAL0100000H;cloudType=Consumer;environment=Prod_SoutheastAsia_000j;migrationStage=NotStarted}
{"logTime": "0925/111912", "correlationVector":"wmDrQO0sN1yf6epO44yOuO","action":"DoCompareDataConsistency requsted types: ", "result":"Bookmarks, Preferences, Passwords, Typed URLs, Extensions, Extension settings, History Delete Directives, Send Tab To Self, Web Apps, Collection, Edge E Drop, Edge Tab Group, Edge Wallet, Encryption Keys"}
{"logTime": "0925/111912", "correlationVector":"wmDrQO0sN1yf6epO44yOuO.0","action":"CompareDataConsistency result: ", "result":"Compare result: Encryption Keys is consistent. local entities count is: 1 local entities hash is: OwPFO4ZKCj0n6ABuSPlRmj6L/F4="}
{"logTime": "0925/111912", "correlationVector":"wmDrQO0sN1yf6epO44yOuO.1","action":"CompareDataConsistency result: ", "result":"Compare result: Bookmarks is consistent. local entities count is: 4 local entities hash is: Ty94TE6xpe35W8uW4igmHN5Zv9U="}
{"logTime": "0925/111912", "correlationVector":"wmDrQO0sN1yf6epO44yOuO.2","action":"CompareDataConsistency result: ", "result":"Compare result: Preferences is consistent. local entities count is: 51 local entities hash is: 21rmgU2i20r70EAIwqg5TLZ1VQg="}
{"logTime": "0925/111912", "correlationVector":"wmDrQO0sN1yf6epO44yOuO.3","action":"CompareDataConsistency result: ", "result":"Server did not send this Typed URLs local entities count is: 0 local entities hash is: "}
{"logTime": "0925/111912", "correlationVector":"wmDrQO0sN1yf6epO44yOuO.4","action":"CompareDataConsistency result: ", "result":"Compare result: Extensions is consistent. local entities count is: 0 local entities hash is: "}
{"logTime": "0925/111912", "correlationVector":"wmDrQO0sN1yf6epO44yOuO.5","action":"CompareDataConsistency result: ", "result":"Compare result: Extension settings is consistent. local entities count is: 0 local entities hash is: "}
{"logTime": "0925/111912", "correlationVector":"wmDrQO0sN1yf6epO44yOuO.6","action":"CompareDataConsistency result: ", "result":"Compare result: History Delete Directives is consistent. local entities count is: 0 local entities hash is: "}
{"logTime": "0925/111912", "correlationVector":"wmDrQO0sN1yf6epO44yOuO.7","action":"CompareDataConsistency result: ", "result":"Server did not send this Send Tab To Self local entities count is: 0 local entities hash is: "}
{"logTime": "0925/111912", "correlationVector":"wmDrQO0sN1yf6epO44yOuO.8","action":"CompareDataConsistency result: ", "result":"Compare result: Web Apps is consistent. local entities count is: 0 local entities hash is: "}
{"logTime": "0925/111912", "correlationVector":"wmDrQO0sN1yf6epO44yOuO.9","action":"CompareDataConsistency result: ", "result":"Compare result: Collection is consistent. local entities count is: 0 local entities hash is: "}
{"logTime": "0925/111912", "correlationVector":"wmDrQO0sN1yf6epO44yOuO.10","action":"CompareDataConsistency result: ", "result":"Compare result: Edge E Drop is consistent. local entities count is: 0 local entities hash is: "}
{"logTime": "0925/111912", "correlationVector":"wmDrQO0sN1yf6epO44yOuO.11","action":"CompareDataConsistency result: ", "result":"Compare result: Edge Tab Group is consistent. local entities count is: 0 local entities hash is: "}
{"logTime": "0925/111912", "correlationVector":"wmDrQO0sN1yf6epO44yOuO.12","action":"CompareDataConsistency result: ", "result":"Compare result: Edge Wallet is consistent. local entities count is: 0 local entities hash is: "}
{"logTime": "0925/111912", "correlationVector":"wmDrQO0sN1yf6epO44yOuO.13","action":"CompareDataConsistency result: ", "result":"Compare result: Passwords is consistent. local entities count is: 29 local entities hash is: ebBKZuWMJJIdIr9ZLFaI45NFRYg="}
{"logTime": "0925/111912", "correlationVector":"pfKZo8zFEmn3a4f6xbH8Pu","action":"Commit Request", "result":"", "context":Item count: 5
Contributing types: Sessions, Device Info, User Consents}
{"logTime": "0925/111913", "correlationVector":"pfKZo8zFEmn3a4f6xbH8Pu.1","action":"SyncServerConnectionManagerRequest", "result":"SYNC_SERVER_OK", "context":{"environment":"Prod_SoutheastAsia_000j", "migrationStage":"NotStarted", "server":"GENERAL0100001H"}}
{"logTime": "0925/111913", "correlationVector":"pfKZo8zFEmn3a4f6xbH8Pu.2","action":"Commit Response", "result":"Success", "context":Result: Success. cV=pfKZo8zFEmn3a4f6xbH8Pu.0;server=GENERAL0100001H;cloudType=Consumer;environment=Prod_SoutheastAsia_000j;migrationStage=NotStarted}
{"logTime": "0925/111913", "correlationVector":"","action":"DIAGNOSTIC_REQUEST|v1/diagnosticData/Diagnostic.SendCheckResult()|SUCCESS", "result":""}
{"logTime": "0925/111913", "correlationVector":"g0iiMJd9t6oSzJWBpjjwHJ","action":"Normal GetUpdate request", "result":"", "context":cV=g0iiMJd9t6oSzJWBpjjwHJ
Nudged types: Sessions, Device Info}
{"logTime": "0925/111914", "correlationVector":"g0iiMJd9t6oSzJWBpjjwHJ.1","action":"SyncServerConnectionManagerRequest", "result":"SYNC_SERVER_OK", "context":{"environment":"Prod_SoutheastAsia_000j", "migrationStage":"NotStarted", "server":"GENERAL01000003"}}
{"logTime": "0925/111914", "correlationVector":"g0iiMJd9t6oSzJWBpjjwHJ.2","action":"GetUpdates Response", "result":"Success", "context":Received 3 update(s). cV=g0iiMJd9t6oSzJWBpjjwHJ.0;server=GENERAL01000003;cloudType=Consumer;environment=Prod_SoutheastAsia_000j;migrationStage=NotStarted}
{"logTime": "0925/111930", "correlationVector":"RnN9/bxGh2G9nJPGWBDx0j","action":"Commit Request", "result":"", "context":Item count: 20
Contributing types: Preferences, Passwords}
{"logTime": "0925/111932", "correlationVector":"RnN9/bxGh2G9nJPGWBDx0j.1","action":"SyncServerConnectionManagerRequest", "result":"SYNC_SERVER_OK", "context":{"environment":"Prod_SoutheastAsia_000j", "migrationStage":"NotStarted", "server":"GENERAL01000012"}}
{"logTime": "0925/111932", "correlationVector":"RnN9/bxGh2G9nJPGWBDx0j.2","action":"Commit Response", "result":"Success", "context":Result: Success. cV=RnN9/bxGh2G9nJPGWBDx0j.0;server=GENERAL01000012;cloudType=Consumer;environment=Prod_SoutheastAsia_000j;migrationStage=NotStarted}
{"logTime": "0925/112047", "correlationVector":"MUMABEI8BVfrhYoPD+jT60","action":"Commit Request", "result":"", "context":Item count: 1
Contributing types: Sessions}
{"logTime": "0925/112047", "correlationVector":"MUMABEI8BVfrhYoPD+jT60.1","action":"SyncServerConnectionManagerRequest", "result":"SYNC_SERVER_OK", "context":{"environment":"Prod_SoutheastAsia_000j", "migrationStage":"NotStarted", "server":"GENERAL0300002X"}}
{"logTime": "0925/112047", "correlationVector":"MUMABEI8BVfrhYoPD+jT60.2","action":"Commit Response", "result":"Success", "context":Result: Success. cV=MUMABEI8BVfrhYoPD+jT60.0;server=GENERAL0300002X;cloudType=Consumer;environment=Prod_SoutheastAsia_000j;migrationStage=NotStarted}
{"logTime": "0925/112134", "correlationVector":"BBYL/hYLnh3CegEl7GRlEl","action":"Commit Request", "result":"", "context":Item count: 1
Contributing types: Sessions}
{"logTime": "0925/112135", "correlationVector":"BBYL/hYLnh3CegEl7GRlEl.1","action":"SyncServerConnectionManagerRequest", "result":"SYNC_SERVER_OK", "context":{"environment":"Prod_SoutheastAsia_000j", "migrationStage":"NotStarted", "server":"GENERAL0100000W"}}
{"logTime": "0925/112135", "correlationVector":"BBYL/hYLnh3CegEl7GRlEl.2","action":"Commit Response", "result":"Success", "context":Result: Success. cV=BBYL/hYLnh3CegEl7GRlEl.0;server=GENERAL0100000W;cloudType=Consumer;environment=Prod_SoutheastAsia_000j;migrationStage=NotStarted}
{"logTime": "0925/112226", "correlationVector":"0YDfTUIX1CbuelqxCiQSBg","action":"Commit Request", "result":"", "context":Item count: 1
Contributing types: Sessions}
{"logTime": "0925/112226", "correlationVector":"0YDfTUIX1CbuelqxCiQSBg.1","action":"SyncServerConnectionManagerRequest", "result":"SYNC_SERVER_OK", "context":{"environment":"Prod_SoutheastAsia_000j", "migrationStage":"NotStarted", "server":"GENERAL0100000X"}}
{"logTime": "0925/112226", "correlationVector":"0YDfTUIX1CbuelqxCiQSBg.2","action":"Commit Response", "result":"Success", "context":Result: Success. cV=0YDfTUIX1CbuelqxCiQSBg.0;server=GENERAL0100000X;cloudType=Consumer;environment=Prod_SoutheastAsia_000j;migrationStage=NotStarted}
{"logTime": "0925/112348", "correlationVector":"JdYtCCFOBTncffLvGX3Xto","action":"Commit Request", "result":"", "context":Item count: 1
Contributing types: Sessions}
{"logTime": "0925/112349", "correlationVector":"JdYtCCFOBTncffLvGX3Xto.1","action":"SyncServerConnectionManagerRequest", "result":"SYNC_SERVER_OK", "context":{"environment":"Prod_SoutheastAsia_000j", "migrationStage":"NotStarted", "server":"GENERAL03000024"}}
{"logTime": "0925/112349", "correlationVector":"JdYtCCFOBTncffLvGX3Xto.2","action":"Commit Response", "result":"Success", "context":Result: Success. cV=JdYtCCFOBTncffLvGX3Xto.0;server=GENERAL03000024;cloudType=Consumer;environment=Prod_SoutheastAsia_000j;migrationStage=NotStarted}
{"logTime": "0925/112402", "correlationVector":"qnwhIOjLeQ6HEpyOuoGQyV","action":"Normal GetUpdate request", "result":"", "context":cV=qnwhIOjLeQ6HEpyOuoGQyV
Refresh requested types: Bookmarks, Preferences, Passwords, Autofill Profiles, Autofill, Typed URLs, Extensions, Sessions, Extension settings, History Delete Directives, Device Info, User Consents, Send Tab To Self, Web Apps, Collection, Edge E Drop, Edge Hub App Usage, Edge Tab Group, Edge Wallet, Encryption Keys}
{"logTime": "0925/112403", "correlationVector":"qnwhIOjLeQ6HEpyOuoGQyV.1","action":"SyncServerConnectionManagerRequest", "result":"SYNC_SERVER_OK", "context":{"environment":"Prod_SoutheastAsia_000j", "migrationStage":"NotStarted", "server":"GENERAL0300000E"}}
{"logTime": "0925/112403", "correlationVector":"qnwhIOjLeQ6HEpyOuoGQyV.2","action":"GetUpdates Response", "result":"Success", "context":Received 21 update(s). cV=qnwhIOjLeQ6HEpyOuoGQyV.0;server=GENERAL0300000E;cloudType=Consumer;environment=Prod_SoutheastAsia_000j;migrationStage=NotStarted}
